<?xml version="1.0" encoding="UTF-8"?>
<!-- Generated by org.testng.reporters.JUnitXMLReporter -->
<testsuite hostname="jq-PC" name="Test1" tests="1" failures="1" timestamp="23 May 2019 15:27:04 GMT" time="13.294" errors="0">
  <testcase name="loginTest1" time="13.24" classname="com.hst.testcase.LoginTest">
    <failure type="java.lang.AssertionError" message="expected [true] but found [false]">
      <![CDATA[java.lang.AssertionError: expected [true] but found [false]
	at com.hst.testcase.LoginTest.loginTest1(LoginTest.java:34)
... Removed 29 stack frames]]>
    </failure>
  </testcase> <!-- loginTest1 -->
</testsuite> <!-- Test1 -->
